<?xml version="1.0" encoding="UTF-8"?>
<testsuite name="com.audition.model.CommentTest" tests="2" skipped="0" failures="0" errors="0" timestamp="2024-10-24T01:52:09" hostname="KATYAINIPANDEY" time="0.004">
  <properties/>
  <testcase name="testGetters()" classname="com.audition.model.CommentTest" time="0.001"/>
  <testcase name="testSetters()" classname="com.audition.model.CommentTest" time="0.001"/>
  <system-out><![CDATA[]]></system-out>
  <system-err><![CDATA[]]></system-err>
</testsuite>
