<?xml version="1.0" encoding="UTF-8"?>
<testsuite name="com.audition.exception.PostNotFoundExceptionTest" tests="4" skipped="0" failures="0" errors="0" timestamp="2024-10-24T01:52:09" hostname="KATYAINIPANDEY" time="0.096">
  <properties/>
  <testcase name="testPostNotFoundExceptionWithMessage()" classname="com.audition.exception.PostNotFoundExceptionTest" time="0.006"/>
  <testcase name="testPostNotFoundExceptionIsRuntimeException()" classname="com.audition.exception.PostNotFoundExceptionTest" time="0.003"/>
  <testcase name="testPostNotFoundExceptionWithMessageAndCause()" classname="com.audition.exception.PostNotFoundExceptionTest" time="0.08"/>
  <testcase name="testPostNotFoundExceptionWithCause()" classname="com.audition.exception.PostNotFoundExceptionTest" time="0.001"/>
  <system-out><![CDATA[]]></system-out>
  <system-err><![CDATA[]]></system-err>
</testsuite>
